<?xml version="1.0" encoding="UTF-8"?>
<!-- Generated by org.testng.reporters.JUnitReportReporter -->
<testsuite hostname="DESKTOP-TRAICHL" failures="0" tests="2" name="TestNg.Data_Provider" time="0.022" errors="0" timestamp="2023-01-15T18:18:13 IST" skipped="0">
  <testcase classname="TestNg.Data_Provider" name="Data_Matrix" time="0.018"/>
  <system-out/>
  <testcase classname="TestNg.Data_Provider" name="Data_Matrix" time="0.004"/>
  <system-out/>
</testsuite> <!-- TestNg.Data_Provider -->
